<?xml version="1.0" encoding="UTF-8"?>
<testng-results ignored="0" total="5" passed="4" failed="1" skipped="0">
  <reporter-output>
  </reporter-output>
  <suite started-at="2023-01-05T18:49:18 IST" name="Default suite" finished-at="2023-01-05T18:49:19 IST" duration-ms="409">
    <groups>
    </groups>
    <test started-at="2023-01-05T18:49:18 IST" name="Default test" finished-at="2023-01-05T18:49:19 IST" duration-ms="409">
      <class name="parallel_testing.practice.test3">
        <test-method signature="logincarloan(java.lang.String,java.lang.String)[pri:0, instance:parallel_testing.practice.test3@6580cfdd]" started-at="2023-01-05T18:49:18 IST" name="logincarloan" finished-at="2023-01-05T18:49:18 IST" duration-ms="0" status="FAIL">
          <exception class="org.testng.TestNGException">
            <message>
              <![CDATA[
Parameter 'URL' is required by @Test on method logincarloan but has not been marked @Optional or defined
in C:\Users\trimurti\AppData\Local\Temp\testng-eclipse--188877231\testng-customsuite.xml]]>
            </message>
            <full-stacktrace>
              <![CDATA[org.testng.TestNGException: 
Parameter 'URL' is required by @Test on method logincarloan but has not been marked @Optional or defined
in C:\Users\trimurti\AppData\Local\Temp\testng-eclipse--188877231\testng-customsuite.xml
at org.testng.internal.Parameters.createParams(Parameters.java:270)
at org.testng.internal.Parameters.createParametersForMethod(Parameters.java:358)
at org.testng.internal.Parameters.createParameters(Parameters.java:700)
at org.testng.internal.Parameters.handleParameters(Parameters.java:884)
at org.testng.internal.Parameters.handleParameters(Parameters.java:740)
at org.testng.internal.ParameterHandler.handleParameters(ParameterHandler.java:59)
at org.testng.internal.ParameterHandler.createParameters(ParameterHandler.java:38)
at org.testng.internal.TestInvoker$MethodInvocationAgent.invoke(TestInvoker.java:791)
at org.testng.internal.TestInvoker.invokeTestMethods(TestInvoker.java:146)
at org.testng.internal.TestMethodWorker.invokeTestMethods(TestMethodWorker.java:146)
at org.testng.internal.TestMethodWorker.run(TestMethodWorker.java:128)
at java.base/java.util.ArrayList.forEach(ArrayList.java:1511)
at org.testng.TestRunner.privateRun(TestRunner.java:794)
at org.testng.TestRunner.run(TestRunner.java:596)
at org.testng.SuiteRunner.runTest(SuiteRunner.java:377)
at org.testng.SuiteRunner.runSequentially(SuiteRunner.java:371)
at org.testng.SuiteRunner.privateRun(SuiteRunner.java:332)
at org.testng.SuiteRunner.run(SuiteRunner.java:276)
at org.testng.SuiteRunnerWorker.runSuite(SuiteRunnerWorker.java:53)
at org.testng.SuiteRunnerWorker.run(SuiteRunnerWorker.java:96)
at org.testng.TestNG.runSuitesSequentially(TestNG.java:1212)
at org.testng.TestNG.runSuitesLocally(TestNG.java:1134)
at org.testng.TestNG.runSuites(TestNG.java:1063)
at org.testng.TestNG.run(TestNG.java:1031)
at org.testng.remote.AbstractRemoteTestNG.run(AbstractRemoteTestNG.java:115)
at org.testng.remote.RemoteTestNG.initAndRun(RemoteTestNG.java:251)
at org.testng.remote.RemoteTestNG.main(RemoteTestNG.java:77)
]]>
            </full-stacktrace>
          </exception> <!-- org.testng.TestNGException -->
          <reporter-output>
          </reporter-output>
        </test-method> <!-- logincarloan -->
        <test-method signature="logoutcarloan(java.lang.String,java.lang.String)[pri:0, instance:parallel_testing.practice.test3@6580cfdd]" started-at="2023-01-05T18:49:19 IST" name="logoutcarloan" data-provider="verifyUN" finished-at="2023-01-05T18:49:19 IST" duration-ms="30" status="PASS">
          <params>
            <param index="0">
              <value>
                <![CDATA[trimurti@gmail.com]]>
              </value>
            </param>
            <param index="1">
              <value>
                <![CDATA[tri@12345]]>
              </value>
            </param>
          </params>
          <reporter-output>
          </reporter-output>
        </test-method> <!-- logoutcarloan -->
        <test-method signature="logoutcarloan(java.lang.String,java.lang.String)[pri:0, instance:parallel_testing.practice.test3@6580cfdd]" started-at="2023-01-05T18:49:19 IST" name="logoutcarloan" data-provider="verifyUN" finished-at="2023-01-05T18:49:19 IST" duration-ms="4" status="PASS">
          <params>
            <param index="0">
              <value>
                <![CDATA[ankita@gmail.com]]>
              </value>
            </param>
            <param index="1">
              <value>
                <![CDATA[ankita@123]]>
              </value>
            </param>
          </params>
          <reporter-output>
          </reporter-output>
        </test-method> <!-- logoutcarloan -->
        <test-method signature="logoutcarloan(java.lang.String,java.lang.String)[pri:0, instance:parallel_testing.practice.test3@6580cfdd]" started-at="2023-01-05T18:49:19 IST" name="logoutcarloan" data-provider="verifyUN" finished-at="2023-01-05T18:49:19 IST" duration-ms="8" status="PASS">
          <params>
            <param index="0">
              <value>
                <![CDATA[tri@gmail.com]]>
              </value>
            </param>
            <param index="1">
              <value>
                <![CDATA[trimurti@12345]]>
              </value>
            </param>
          </params>
          <reporter-output>
          </reporter-output>
        </test-method> <!-- logoutcarloan -->
        <test-method signature="propertycarloan()[pri:0, instance:parallel_testing.practice.test3@6580cfdd]" started-at="2023-01-05T18:49:19 IST" name="propertycarloan" finished-at="2023-01-05T18:49:19 IST" duration-ms="16" status="PASS">
          <reporter-output>
          </reporter-output>
        </test-method> <!-- propertycarloan -->
      </class> <!-- parallel_testing.practice.test3 -->
    </test> <!-- Default test -->
  </suite> <!-- Default suite -->
</testng-results>
