<?xml version="1.0" encoding="UTF-8"?>
<!-- Generated by org.testng.reporters.JUnitXMLReporter -->
<testsuite ignored="0" hostname="Tri-kokne58" failures="0" tests="5" name="Test6" time="0.081" errors="0" timestamp="2023-01-05T17:33:20 IST">
  <testcase classname="parallel_testing.practice.test3" name="logincarloan" time="0.009"/>
  <testcase classname="parallel_testing.practice.test3" name="logoutcarloan" time="0.014"/>
  <testcase classname="parallel_testing.practice.test3" name="logoutcarloan" time="0.005"/>
  <testcase classname="parallel_testing.practice.test3" name="logoutcarloan" time="0.004"/>
  <testcase classname="parallel_testing.practice.test3" name="propertycarloan" time="0.007"/>
</testsuite> <!-- Test6 -->
