<?xml version="1.0" encoding="UTF-8"?>
<!-- Generated by org.testng.reporters.JUnitXMLReporter -->
<testsuite ignored="0" hostname="Tri-kokne58" failures="0" tests="3" name="Test5" time="0.031" errors="0" timestamp="2023-01-05T17:33:20 IST">
  <testcase classname="parallel_testing.practice.test2" name="loginhomeloan" time="0.004"/>
  <testcase classname="parallel_testing.practice.test2" name="logouthomeloan" time="0.003"/>
  <testcase classname="parallel_testing.practice.test2" name="propertyhomeloan" time="0.008"/>
</testsuite> <!-- Test5 -->
