<?xml version="1.0" encoding="UTF-8"?>
<!-- Generated by org.testng.reporters.JUnitXMLReporter -->
<testsuite ignored="6" hostname="Tri-kokne58" failures="0" tests="6" name="Test" time="0.278" errors="0" timestamp="2022-12-31T19:53:57 IST">
  <testcase classname="Grouping.exa2_groupingTC" name="TC11" time="0.057"/>
  <testcase classname="Grouping.exa2_groupingTC" name="TC12" time="0.003"/>
  <testcase classname="Grouping.exa2_groupingTC" name="TC13" time="0.003"/>
  <testcase classname="Grouping.exa1_grouping_TC" name="TC1" time="0.001"/>
  <testcase classname="Grouping.exa1_grouping_TC" name="TC2" time="0.007"/>
  <testcase classname="Grouping.exa1_grouping_TC" name="TC3" time="0.008"/>
  <testcase classname="Grouping.exa2_groupingTC" name="TC14" time="0.0">
    <ignored/>
  </testcase> <!-- TC14 -->
  <testcase classname="Grouping.exa2_groupingTC" name="TC15" time="0.0">
    <ignored/>
  </testcase> <!-- TC15 -->
  <testcase classname="Grouping.exa1_grouping_TC" name="TC6" time="0.0">
    <ignored/>
  </testcase> <!-- TC6 -->
  <testcase classname="Grouping.exa1_grouping_TC" name="TC4" time="0.0">
    <ignored/>
  </testcase> <!-- TC4 -->
  <testcase classname="Grouping.exa2_groupingTC" name="TC16" time="0.0">
    <ignored/>
  </testcase> <!-- TC16 -->
  <testcase classname="Grouping.exa1_grouping_TC" name="TC5" time="0.0">
    <ignored/>
  </testcase> <!-- TC5 -->
</testsuite> <!-- Test -->
