<?xml version="1.0" encoding="UTF-8"?>
<!-- Generated by org.testng.reporters.JUnitXMLReporter -->
<testsuite ignored="0" hostname="Tri-kokne58" failures="0" tests="3" name="test4" time="0.15" errors="0" timestamp="2023-01-05T17:33:20 IST">
  <testcase classname="parallel_testing.practice.test1" name="loginpersonalloan" time="0.037"/>
  <testcase classname="parallel_testing.practice.test1" name="logoutpersonalloan" time="0.003"/>
  <testcase classname="parallel_testing.practice.test1" name="propertypersonalloan" time="0.014"/>
</testsuite> <!-- test4 -->
