<?xml version="1.0" encoding="UTF-8"?>
<!-- Generated by org.testng.reporters.JUnitXMLReporter -->
<testsuite ignored="3" hostname="Tri-kokne58" failures="2" tests="2" name="Default test(failed)" time="0.24" errors="0" timestamp="2022-11-11T20:04:52 IST">
  <testcase classname="FailedTC.failedTC_example1" name="TC4" time="0.064">
    <failure type="java.lang.AssertionError" message="null">
      <![CDATA[java.lang.AssertionError: null
at FailedTC.failedTC_example1.TC4(failedTC_example1.java:28)
at java.base/java.util.ArrayList.forEach(ArrayList.java:1511)
... Removed 27 stack frames]]>
    </failure>
  </testcase> <!-- TC4 -->
  <testcase classname="FailedTC.failedTC_example1" name="TC3" time="0.016">
    <failure type="java.lang.AssertionError" message="null">
      <![CDATA[java.lang.AssertionError: null
at FailedTC.failedTC_example1.TC3(failedTC_example1.java:22)
at java.base/java.util.ArrayList.forEach(ArrayList.java:1511)
... Removed 27 stack frames]]>
    </failure>
  </testcase> <!-- TC3 -->
  <testcase classname="FailedTC.failedTC_example1" name="TC5" time="0.0">
    <ignored/>
  </testcase> <!-- TC5 -->
  <testcase classname="FailedTC.failedTC_example1" name="TC1" time="0.0">
    <ignored/>
  </testcase> <!-- TC1 -->
  <testcase classname="FailedTC.failedTC_example1" name="TC2" time="0.0">
    <ignored/>
  </testcase> <!-- TC2 -->
</testsuite> <!-- Default test(failed) -->
